<?xml version="1.0" encoding="UTF-8"?>
<!-- Generated by org.testng.reporters.JUnitXMLReporter -->
<testsuite ignored="0" hostname="RyanPC" failures="0" tests="6" name="Default test" time="28.974" errors="0" timestamp="14 May 2023 00:56:32 GMT">
  <testcase classname="LearningTestNG.TestSauceDemo" name="test_buy_item" time="1.125"/>
  <testcase classname="LearningTestNG.TestSauceDemo" name="test_cannot_login_with_locked_user" time="0.352"/>
  <testcase classname="LearningTestNG.TestSauceDemo" name="test_login_logout" time="0.985"/>
  <testcase classname="LearningTestNG.TestSauceDemo" name="test_social_media_links" time="15.687"/>
  <testcase classname="LearningTestNG.TestSauceDemo" name="test_sort_products" time="1.485"/>
  <testcase classname="LearningTestNG.TestSauceDemo" name="test_user_signing_credential_errors" time="0.686"/>
</testsuite> <!-- Default test -->
