<?xml version="1.0" encoding="UTF-8"?>
<!-- Generated by org.testng.reporters.JUnitXMLReporter -->
<testsuite ignored="0" hostname="RyanPC" failures="0" tests="6" name="Default test" time="28.432" errors="0" timestamp="15 May 2023 18:15:34 GMT">
  <testcase classname="LearningTestNG.TestSauceDemo" name="test_buy_item" time="1.105"/>
  <testcase classname="LearningTestNG.TestSauceDemo" name="test_cannot_login_with_locked_user" time="0.324"/>
  <testcase classname="LearningTestNG.TestSauceDemo" name="test_login_logout" time="0.984"/>
  <testcase classname="LearningTestNG.TestSauceDemo" name="test_social_media_links" time="15.66"/>
  <testcase classname="LearningTestNG.TestSauceDemo" name="test_sort_products" time="1.411"/>
  <testcase classname="LearningTestNG.TestSauceDemo" name="test_user_signing_credential_errors" time="0.613"/>
</testsuite> <!-- Default test -->
