<?xml version="1.0" encoding="UTF-8"?>
<!-- Generated by org.testng.reporters.JUnitXMLReporter -->
<testsuite ignored="0" hostname="RyanPC" failures="0" tests="6" name="Test" time="28.838" errors="0" timestamp="15 May 2023 18:49:56 GMT">
  <testcase classname="LearningTestNG.TestSauceDemo" name="test_buy_item" time="1.152"/>
  <testcase classname="LearningTestNG.TestSauceDemo" name="test_cannot_login_with_locked_user" time="0.329"/>
  <testcase classname="LearningTestNG.TestSauceDemo" name="test_login_logout" time="1.038"/>
  <testcase classname="LearningTestNG.TestSauceDemo" name="test_social_media_links" time="15.708"/>
  <testcase classname="LearningTestNG.TestSauceDemo" name="test_sort_products" time="1.344"/>
  <testcase classname="LearningTestNG.TestSauceDemo" name="test_user_signing_credential_errors" time="0.606"/>
</testsuite> <!-- Test -->
