<?xml version="1.0" encoding="UTF-8"?>
<!-- Generated by org.testng.reporters.JUnitXMLReporter -->
<testsuite ignored="4" hostname="RyanPC" failures="0" tests="2" name="GRP-Smoke" time="5.762" errors="0" timestamp="14 May 2023 01:00:34 GMT">
  <testcase classname="LearningTestNG.TestSauceDemo" name="test_buy_item" time="1.191"/>
  <testcase classname="LearningTestNG.TestSauceDemo" name="test_login_logout" time="1.006"/>
  <testcase classname="LearningTestNG.TestSauceDemo" name="test_user_signing_credential_errors" time="0.0">
    <ignored/>
  </testcase> <!-- test_user_signing_credential_errors -->
  <testcase classname="LearningTestNG.TestSauceDemo" name="test_cannot_login_with_locked_user" time="0.0">
    <ignored/>
  </testcase> <!-- test_cannot_login_with_locked_user -->
  <testcase classname="LearningTestNG.TestSauceDemo" name="test_sort_products" time="0.0">
    <ignored/>
  </testcase> <!-- test_sort_products -->
  <testcase classname="LearningTestNG.TestSauceDemo" name="test_social_media_links" time="0.0">
    <ignored/>
  </testcase> <!-- test_social_media_links -->
</testsuite> <!-- GRP-Smoke -->
